<?xml version="1.0" encoding="UTF-8"?>
<testng-results ignored="0" total="1" passed="1" failed="0" skipped="0">
  <reporter-output>
  </reporter-output>
  <suite started-at="2025-01-29T23:55:20 IST" name="Suite" finished-at="2025-01-29T23:55:56 IST" duration-ms="36585">
    <groups>
    </groups>
    <test started-at="2025-01-29T23:55:20 IST" name="Test" finished-at="2025-01-29T23:55:56 IST" duration-ms="36585">
      <class name="packageofamazon.project_maven_Amazon.Testcase1">
        <test-method is-config="true" signature="launch()[pri:0, instance:packageofamazon.project_maven_Amazon.Testcase1@7c729a55]" started-at="2025-01-29T23:55:20 IST" name="launch" finished-at="2025-01-29T23:55:33 IST" duration-ms="13559" status="PASS">
          <reporter-output>
          </reporter-output>
        </test-method> <!-- launch -->
        <test-method signature="logintoamazon_search_logout()[pri:0, instance:packageofamazon.project_maven_Amazon.Testcase1@7c729a55]" started-at="2025-01-29T23:55:33 IST" name="logintoamazon_search_logout" finished-at="2025-01-29T23:55:51 IST" duration-ms="17686" status="PASS">
          <reporter-output>
          </reporter-output>
        </test-method> <!-- logintoamazon_search_logout -->
        <test-method is-config="true" signature="quit()[pri:0, instance:packageofamazon.project_maven_Amazon.Testcase1@7c729a55]" started-at="2025-01-29T23:55:51 IST" name="quit" finished-at="2025-01-29T23:55:56 IST" duration-ms="5299" status="PASS">
          <reporter-output>
          </reporter-output>
        </test-method> <!-- quit -->
      </class> <!-- packageofamazon.project_maven_Amazon.Testcase1 -->
    </test> <!-- Test -->
  </suite> <!-- Suite -->
</testng-results>
