<?xml version="1.0" encoding="UTF-8"?>
<testng-results ignored="0" total="1" passed="1" failed="0" skipped="0">
  <reporter-output>
  </reporter-output>
  <suite started-at="2025-01-30T01:06:04 IST" name="Suite" finished-at="2025-01-30T01:06:47 IST" duration-ms="43333">
    <groups>
    </groups>
    <test started-at="2025-01-30T01:06:04 IST" name="Test" finished-at="2025-01-30T01:06:47 IST" duration-ms="43333">
      <class name="packageofamazon.project_maven_Amazon.Testcase4">
        <test-method is-config="true" signature="launch()[pri:0, instance:packageofamazon.project_maven_Amazon.Testcase4@7c729a55]" started-at="2025-01-30T01:06:04 IST" name="launch" finished-at="2025-01-30T01:06:10 IST" duration-ms="5505" status="PASS">
          <reporter-output>
          </reporter-output>
        </test-method> <!-- launch -->
        <test-method signature="login_searchp_addtocart_makecodpayment_logout()[pri:0, instance:packageofamazon.project_maven_Amazon.Testcase4@7c729a55]" started-at="2025-01-30T01:06:10 IST" name="login_searchp_addtocart_makecodpayment_logout" finished-at="2025-01-30T01:06:42 IST" duration-ms="32219" status="PASS">
          <reporter-output>
          </reporter-output>
        </test-method> <!-- login_searchp_addtocart_makecodpayment_logout -->
        <test-method is-config="true" signature="quit()[pri:0, instance:packageofamazon.project_maven_Amazon.Testcase4@7c729a55]" started-at="2025-01-30T01:06:42 IST" name="quit" finished-at="2025-01-30T01:06:47 IST" duration-ms="5531" status="PASS">
          <reporter-output>
          </reporter-output>
        </test-method> <!-- quit -->
      </class> <!-- packageofamazon.project_maven_Amazon.Testcase4 -->
    </test> <!-- Test -->
  </suite> <!-- Suite -->
</testng-results>
